<?xml version="1.0" encoding="UTF-8"?>
<testng-results ignored="0" total="1" passed="1" failed="0" skipped="0">
  <reporter-output>
  </reporter-output>
  <suite started-at="2022-11-30T15:20:06 IST" name="Default suite" finished-at="2022-11-30T15:20:09 IST" duration-ms="3465">
    <groups>
    </groups>
    <test started-at="2022-11-30T15:20:06 IST" name="Default test" finished-at="2022-11-30T15:20:09 IST" duration-ms="3465">
      <class name="rahulshetty.LiveDemoStream">
        <test-method signature="f()[pri:0, instance:rahulshetty.LiveDemoStream@606e4010]" started-at="2022-11-30T15:20:06 IST" name="f" finished-at="2022-11-30T15:20:09 IST" duration-ms="3429" status="PASS">
          <reporter-output>
          </reporter-output>
        </test-method> <!-- f -->
      </class> <!-- rahulshetty.LiveDemoStream -->
    </test> <!-- Default test -->
  </suite> <!-- Default suite -->
</testng-results>
