<?xml version="1.0" encoding="UTF-8"?>
<testng-results ignored="0" total="1" passed="1" failed="0" skipped="0">
  <reporter-output>
  </reporter-output>
  <suite started-at="2022-12-27T12:31:54 IST" name="Default suite" finished-at="2022-12-27T12:32:00 IST" duration-ms="6579">
    <groups>
    </groups>
    <test started-at="2022-12-27T12:31:54 IST" name="Default test" finished-at="2022-12-27T12:32:00 IST" duration-ms="6579">
      <class name="SeleniumExamples.Amazon">
        <test-method signature="f()[pri:0, instance:SeleniumExamples.Amazon@4b013c76]" started-at="2022-12-27T12:31:54 IST" name="f" finished-at="2022-12-27T12:32:00 IST" duration-ms="6527" status="PASS">
          <reporter-output>
          </reporter-output>
        </test-method> <!-- f -->
      </class> <!-- SeleniumExamples.Amazon -->
    </test> <!-- Default test -->
  </suite> <!-- Default suite -->
</testng-results>
