<?xml version="1.0" encoding="UTF-8"?>
<!-- Generated by org.testng.reporters.JUnitXMLReporter -->
<testsuite ignored="0" hostname="VSP-64QD6Q3" failures="0" tests="5" name="ExampleXML" time="18.153" errors="0" timestamp="2022-08-23T16:11:37 IST">
  <testcase classname="SeleniumExamples.NewTest1" name="test2" time="0.756"/>
  <testcase classname="SeleniumExamples.NewTest1" name="test2" time="0.903"/>
  <testcase classname="SeleniumExamples.NewTest1" name="test1" time="2.767"/>
  <testcase classname="SeleniumExamples.NewTest1" name="test1" time="2.561"/>
  <testcase classname="SeleniumExamples.AppTest" name="VerifyLogin" time="6.253"/>
</testsuite> <!-- ExampleXML -->
